#
# There is insufficient memory for the Java Runtime Environment to continue.
# Native memory allocation (mmap) failed to map 100663296 bytes for G1 virtual space
# Possible reasons:
#   The system is out of physical RAM or swap space
#   The process is running with CompressedOops enabled, and the Java Heap may be blocking the growth of the native heap
# Possible solutions:
#   Reduce memory load on the system
#   Increase physical memory or swap space
#   Check if swap backing store is full
#   Decrease Java heap size (-Xmx/-Xms)
#   Decrease number of Java threads
#   Decrease Java thread stack sizes (-Xss)
#   Set larger code cache with -XX:ReservedCodeCacheSize=
#   JVM is running with Unscaled Compressed Oops mode in which the Java heap is
#     placed in the first 4GB address space. The Java Heap base address is the
#     maximum limit for the native heap growth. Please use -XX:HeapBaseMinAddress
#     to set the Java Heap base and to place the Java Heap above 4GB virtual address.
# This output file may be truncated or incomplete.
#
#  Out of Memory Error (os_windows.cpp:3557), pid=15968, tid=30492
#
# JRE version:  (17.0.6+10) (build )
# Java VM: OpenJDK 64-Bit Server VM (17.0.6+10, mixed mode, sharing, tiered, compressed oops, compressed class ptrs, g1 gc, windows-amd64)
# No core dump will be written. Minidumps are not enabled by default on client versions of Windows
#

---------------  S U M M A R Y ------------

Command Line: -Dfile.encoding=UTF-8 -XX:+ShowCodeDetailsInExceptionMessages bank.management.system.SignupOne

Host: AMD Ryzen 7 3750H with Radeon Vega Mobile Gfx  , 8 cores, 5G,  Windows 11 , 64 bit Build 22621 (10.0.22621.3672)
Time: Sat Jun 15 12:23:30 2024 India Standard Time elapsed time: 0.052311 seconds (0d 0h 0m 0s)

---------------  T H R E A D  ---------------

Current thread (0x0000016dc4cd0db0):  JavaThread "Unknown thread" [_thread_in_vm, id=30492, stack(0x0000005082c00000,0x0000005082d00000)]

Stack: [0x0000005082c00000,0x0000005082d00000]
Native frames: (J=compiled Java code, j=interpreted, Vv=VM code, C=native code)
V  [jvm.dll+0x67741a]
V  [jvm.dll+0x834434]
V  [jvm.dll+0x835bde]
V  [jvm.dll+0x836243]
V  [jvm.dll+0x2457b5]
V  [jvm.dll+0x674329]
V  [jvm.dll+0x6689da]
V  [jvm.dll+0x30489b]
V  [jvm.dll+0x30bd96]
V  [jvm.dll+0x35b57e]
V  [jvm.dll+0x35b7af]
V  [jvm.dll+0x2db778]
V  [jvm.dll+0x2dc6e4]
V  [jvm.dll+0x806131]
V  [jvm.dll+0x369331]
V  [jvm.dll+0x7e56ac]
V  [jvm.dll+0x3eb35f]
V  [jvm.dll+0x3ecea1]
C  [jli.dll+0x5267]
C  [ucrtbase.dll+0x29333]
C  [KERNEL32.DLL+0x1257d]
C  [ntdll.dll+0x5af28]


---------------  P R O C E S S  ---------------

Threads class SMR info:
_java_thread_list=0x00007ffb84025fd8, length=0, elements={
}

Java Threads: ( => current thread )

Other Threads:
  0x0000016dc4d1e6b0 GCTaskThread "GC Thread#0" [stack: 0x0000005082d00000,0x0000005082e00000] [id=30456]
  0x0000016dc4d2b430 ConcurrentGCThread "G1 Main Marker" [stack: 0x0000005082e00000,0x0000005082f00000] [id=30520]
  0x0000016dc4d2be40 ConcurrentGCThread "G1 Conc#0" [stack: 0x0000005082f00000,0x0000005083000000] [id=30432]

[error occurred during error reporting (printing all threads), id 0xc0000005, EXCEPTION_ACCESS_VIOLATION (0xc0000005) at pc=0x00007ffb837fc1e7]

VM state: not at safepoint (not fully initialized)

VM Mutex/Monitor currently owned by a thread:  ([mutex/lock_event])
[0x0000016dc4ccc340] Heap_lock - owner thread: 0x0000016dc4cd0db0

Heap address: 0x00000000a0e00000, size: 1522 MB, Compressed Oops mode: 32-bit

CDS archive(s) mapped at: [0x0000000000000000-0x0000000000000000-0x0000000000000000), size 0, SharedBaseAddress: 0x0000000800000000, ArchiveRelocationMode: 0.
Narrow klass base: 0x0000000000000000, Narrow klass shift: 0, Narrow klass range: 0x0

GC Precious Log:
<Empty>

Heap:
 garbage-first heap   total 0K, used 0K [0x00000000a0e00000, 0x0000000100000000)
  region size 1024K, 0 young (0K), 0 survivors (0K)

[error occurred during error reporting (printing heap information), id 0xc0000005, EXCEPTION_ACCESS_VIOLATION (0xc0000005) at pc=0x00007ffb83be06f9]

GC Heap History (0 events):
No events

Dll operation events (1 events):
Event: 0.030 Loaded shared library C:\Users\PRINCE\Downloads\eclipse-jee-2023-03-R-win32-x86_64\eclipse\plugins\org.eclipse.justj.openjdk.hotspot.jre.full.win32.x86_64_17.0.6.v20230204-1729\jre\bin\java.dll

Deoptimization events (0 events):
No events

Classes unloaded (0 events):
No events

Classes redefined (0 events):
No events

Internal exceptions (0 events):
No events

VM Operations (0 events):
No events

Events (0 events):
No events


Dynamic libraries:
0x00007ff7103e0000 - 0x00007ff7103ee000 	C:\Users\PRINCE\Downloads\eclipse-jee-2023-03-R-win32-x86_64\eclipse\plugins\org.eclipse.justj.openjdk.hotspot.jre.full.win32.x86_64_17.0.6.v20230204-1729\jre\bin\javaw.exe
0x00007ffc59d30000 - 0x00007ffc59f47000 	C:\WINDOWS\SYSTEM32\ntdll.dll
0x00007ffc58df0000 - 0x00007ffc58eb4000 	C:\WINDOWS\System32\KERNEL32.DLL
0x00007ffc57200000 - 0x00007ffc575ac000 	C:\WINDOWS\System32\KERNELBASE.dll
0x00007ffc57060000 - 0x00007ffc57171000 	C:\WINDOWS\System32\ucrtbase.dll
0x00007ffc3ef30000 - 0x00007ffc3ef49000 	C:\Users\PRINCE\Downloads\eclipse-jee-2023-03-R-win32-x86_64\eclipse\plugins\org.eclipse.justj.openjdk.hotspot.jre.full.win32.x86_64_17.0.6.v20230204-1729\jre\bin\VCRUNTIME140.dll
0x00007ffc20410000 - 0x00007ffc20427000 	C:\Users\PRINCE\Downloads\eclipse-jee-2023-03-R-win32-x86_64\eclipse\plugins\org.eclipse.justj.openjdk.hotspot.jre.full.win32.x86_64_17.0.6.v20230204-1729\jre\bin\jli.dll
0x00007ffc592b0000 - 0x00007ffc5945e000 	C:\WINDOWS\System32\USER32.dll
0x00007ffc41190000 - 0x00007ffc41423000 	C:\WINDOWS\WinSxS\amd64_microsoft.windows.common-controls_6595b64144ccf1df_6.0.22621.3672_none_2713b9d173822955\COMCTL32.dll
0x00007ffc577c0000 - 0x00007ffc577e6000 	C:\WINDOWS\System32\win32u.dll
0x00007ffc58dc0000 - 0x00007ffc58de9000 	C:\WINDOWS\System32\GDI32.dll
0x00007ffc583b0000 - 0x00007ffc58457000 	C:\WINDOWS\System32\msvcrt.dll
0x00007ffc575e0000 - 0x00007ffc576f9000 	C:\WINDOWS\System32\gdi32full.dll
0x00007ffc577f0000 - 0x00007ffc5788a000 	C:\WINDOWS\System32\msvcp_win.dll
0x00007ffc59090000 - 0x00007ffc590c1000 	C:\WINDOWS\System32\IMM32.DLL
0x00007ffc51810000 - 0x00007ffc5181c000 	C:\Users\PRINCE\Downloads\eclipse-jee-2023-03-R-win32-x86_64\eclipse\plugins\org.eclipse.justj.openjdk.hotspot.jre.full.win32.x86_64_17.0.6.v20230204-1729\jre\bin\vcruntime140_1.dll
0x00007ffc20370000 - 0x00007ffc20401000 	C:\Users\PRINCE\Downloads\eclipse-jee-2023-03-R-win32-x86_64\eclipse\plugins\org.eclipse.justj.openjdk.hotspot.jre.full.win32.x86_64_17.0.6.v20230204-1729\jre\bin\msvcp140.dll
0x00007ffb83510000 - 0x00007ffb84157000 	C:\Users\PRINCE\Downloads\eclipse-jee-2023-03-R-win32-x86_64\eclipse\plugins\org.eclipse.justj.openjdk.hotspot.jre.full.win32.x86_64_17.0.6.v20230204-1729\jre\bin\server\jvm.dll
0x00007ffc591f0000 - 0x00007ffc592a2000 	C:\WINDOWS\System32\ADVAPI32.dll
0x00007ffc590d0000 - 0x00007ffc5917a000 	C:\WINDOWS\System32\sechost.dll
0x00007ffc575b0000 - 0x00007ffc575d8000 	C:\WINDOWS\System32\bcrypt.dll
0x00007ffc58ec0000 - 0x00007ffc58fd5000 	C:\WINDOWS\System32\RPCRT4.dll
0x00007ffc3ea50000 - 0x00007ffc3ea59000 	C:\WINDOWS\SYSTEM32\WSOCK32.dll
0x00007ffc4f700000 - 0x00007ffc4f734000 	C:\WINDOWS\SYSTEM32\WINMM.dll
0x00007ffc4d8f0000 - 0x00007ffc4d8fa000 	C:\WINDOWS\SYSTEM32\VERSION.dll
0x00007ffc57ac0000 - 0x00007ffc57b31000 	C:\WINDOWS\System32\WS2_32.dll
0x00007ffc56060000 - 0x00007ffc56078000 	C:\WINDOWS\SYSTEM32\kernel.appcore.dll
0x00007ffc54250000 - 0x00007ffc5425a000 	C:\Users\PRINCE\Downloads\eclipse-jee-2023-03-R-win32-x86_64\eclipse\plugins\org.eclipse.justj.openjdk.hotspot.jre.full.win32.x86_64_17.0.6.v20230204-1729\jre\bin\jimage.dll
0x00007ffc457b0000 - 0x00007ffc459e2000 	C:\WINDOWS\SYSTEM32\DBGHELP.DLL
0x00007ffc59960000 - 0x00007ffc59ce8000 	C:\WINDOWS\System32\combase.dll
0x00007ffc58060000 - 0x00007ffc58137000 	C:\WINDOWS\System32\OLEAUT32.dll
0x00007ffc3c5e0000 - 0x00007ffc3c612000 	C:\WINDOWS\SYSTEM32\dbgcore.DLL
0x00007ffc57180000 - 0x00007ffc571fb000 	C:\WINDOWS\System32\bcryptPrimitives.dll
0x00007ffc3f000000 - 0x00007ffc3f025000 	C:\Users\PRINCE\Downloads\eclipse-jee-2023-03-R-win32-x86_64\eclipse\plugins\org.eclipse.justj.openjdk.hotspot.jre.full.win32.x86_64_17.0.6.v20230204-1729\jre\bin\java.dll

dbghelp: loaded successfully - version: 4.0.5 - missing functions: none
symbol engine: initialized successfully - sym options: 0x614 - pdb path: .;C:\Users\PRINCE\Downloads\eclipse-jee-2023-03-R-win32-x86_64\eclipse\plugins\org.eclipse.justj.openjdk.hotspot.jre.full.win32.x86_64_17.0.6.v20230204-1729\jre\bin;C:\WINDOWS\SYSTEM32;C:\WINDOWS\WinSxS\amd64_microsoft.windows.common-controls_6595b64144ccf1df_6.0.22621.3672_none_2713b9d173822955;C:\Users\PRINCE\Downloads\eclipse-jee-2023-03-R-win32-x86_64\eclipse\plugins\org.eclipse.justj.openjdk.hotspot.jre.full.win32.x86_64_17.0.6.v20230204-1729\jre\bin\server

VM Arguments:
jvm_args: -Dfile.encoding=UTF-8 -XX:+ShowCodeDetailsInExceptionMessages 
java_command: bank.management.system.SignupOne
java_class_path (initial): C:\java workspace\Bank mangement system\bin
Launcher Type: SUN_STANDARD

[Global flags]
     intx CICompilerCount                          = 4                                         {product} {ergonomic}
     uint ConcGCThreads                            = 2                                         {product} {ergonomic}
     uint G1ConcRefinementThreads                  = 8                                         {product} {ergonomic}
   size_t G1HeapRegionSize                         = 1048576                                   {product} {ergonomic}
    uintx GCDrainStackTargetSize                   = 64                                        {product} {ergonomic}
   size_t InitialHeapSize                          = 100663296                                 {product} {ergonomic}
   size_t MarkStackSize                            = 4194304                                   {product} {ergonomic}
   size_t MaxHeapSize                              = 1595932672                                {product} {ergonomic}
   size_t MinHeapDeltaBytes                        = 1048576                                   {product} {ergonomic}
   size_t MinHeapSize                              = 8388608                                   {product} {ergonomic}
    uintx NonNMethodCodeHeapSize                   = 5839372                                {pd product} {ergonomic}
    uintx NonProfiledCodeHeapSize                  = 122909434                              {pd product} {ergonomic}
    uintx ProfiledCodeHeapSize                     = 122909434                              {pd product} {ergonomic}
    uintx ReservedCodeCacheSize                    = 251658240                              {pd product} {ergonomic}
     bool SegmentedCodeCache                       = true                                      {product} {ergonomic}
     bool ShowCodeDetailsInExceptionMessages       = true                                   {manageable} {command line}
   size_t SoftMaxHeapSize                          = 1595932672                             {manageable} {ergonomic}
     bool UseCompressedClassPointers               = true                           {product lp64_product} {ergonomic}
     bool UseCompressedOops                        = true                           {product lp64_product} {ergonomic}
     bool UseG1GC                                  = true                                      {product} {ergonomic}
     bool UseLargePagesIndividualAllocation        = false                                  {pd product} {ergonomic}

Logging:
Log output configuration:
 #0: stdout all=warning uptime,level,tags
 #1: stderr all=off uptime,level,tags

Environment Variables:
JAVA_HOME=C:\Program Files\Java\jdk-17
PATH=C:/Users/PRINCE/Downloads/eclipse-jee-2023-03-R-win32-x86_64/eclipse//plugins/org.eclipse.justj.openjdk.hotspot.jre.full.win32.x86_64_17.0.6.v20230204-1729/jre/bin/server;C:/Users/PRINCE/Downloads/eclipse-jee-2023-03-R-win32-x86_64/eclipse//plugins/org.eclipse.justj.openjdk.hotspot.jre.full.win32.x86_64_17.0.6.v20230204-1729/jre/bin;C:\Program Files (x86)\VMware\VMware Player\bin\;C:\Program Files\Java\jdk-17\bin;C:\Program Files\Common Files\Oracle\Java\javapath;C:\Program Files (x86)\Common Files\Oracle\Java\javapath;C:\Windows\system32;C:\Windows;C:\Windows\System32\Wbem;C:\Windows\System32\WindowsPowerShell\v1.0\;C:\Windows\System32\OpenSSH\;C:\Program Files (x86)\NVIDIA Corporation\PhysX\Common;C:\Program Files\NVIDIA Corporation\NVIDIA NvDLISR;C:\WINDOWS\system32;C:\WINDOWS;C:\WINDOWS\System32\Wbem;C:\WINDOWS\System32\WindowsPowerShell\v1.0\;C:\WINDOWS\System32\OpenSSH\;C:\Program Files\Git\cmd;C:\Program Files\nodejs\;C:\Program Files\MongoDB\Server\7.0\bin;C:\Users\PRINCE\AppData\Local\Programs\Python\Python311\Scripts\;C:\Users\PRINCE\AppData\Local\Programs\Python\Python311\;C:\Users\PRINCE\AppData\Local\Programs\Python\Python310\Scripts\;C:\Users\PRINCE\AppData\Local\Programs\Python\Python310\;C:\Users\PRINCE\AppData\Local\Microsoft\WindowsApps;C:\Users\PRINCE\AppData\Local\Programs\Microsoft VS Code\bin;C:\msys64\mingw64\bin;C:\Users\PRINCE\AppData\Roaming\npm;C:\Program Files\mongosh\;C:\Users\PRINCE\Downloads\eclipse-jee-2023-03-R-win32-x86_64\eclipse;
USERNAME=PRINCE
OS=Windows_NT
PROCESSOR_IDENTIFIER=AMD64 Family 23 Model 24 Stepping 1, AuthenticAMD
TMP=C:\Users\PRINCE\AppData\Local\Temp
TEMP=C:\Users\PRINCE\AppData\Local\Temp



---------------  S Y S T E M  ---------------

OS:
 Windows 11 , 64 bit Build 22621 (10.0.22621.3672)
OS uptime: 0 days 3:52 hours
Hyper-V role detected

CPU: total 8 (initial active 8) (8 cores per cpu, 2 threads per core) family 23 model 24 stepping 1 microcode 0x0, cx8, cmov, fxsr, ht, mmx, 3dnowpref, sse, sse2, sse3, ssse3, sse4a, sse4.1, sse4.2, popcnt, lzcnt, tsc, tscinvbit, avx, avx2, aes, clmul, bmi1, bmi2, adx, sha, fma, vzeroupper, clflush, clflushopt, hv

Memory: 4k page, system-wide physical 6080M (235M free)
TotalPageFile size 24512M (AvailPageFile size 11M)
current process WorkingSet (physical memory assigned to process): 11M, peak: 11M
current process commit charge ("private bytes"): 60M, peak: 156M

vm_info: OpenJDK 64-Bit Server VM (17.0.6+10) for windows-amd64 JRE (17.0.6+10), built on Jan 18 2023 10:08:59 by "temurin" with MS VC++ 16.7 (VS2019)

END.
